<?xml version="1.0" encoding="UTF-8"?>
<!-- Generated by org.testng.reporters.JUnitXMLReporter -->
<testsuite hostname="DESKTOP-7HNKN0S" ignored="0" name="TestPack1" tests="4" failures="0" timestamp="12 Dec 2018 15:45:29 GMT" time="13.098" errors="0">
  <testcase name="Login" time="0.005" classname="testngPack.TestNGExample"/>
  <testcase name="EnterCalorieDetails" time="6.398" classname="testngPack.CalorieCalcTest2"/>
  <testcase name="AccountEnquiry" time="0.003" classname="testngPack.TestNGExample"/>
  <testcase name="testngmethod" time="0.003" classname="testngPack.TestNGExample"/>
</testsuite> <!-- TestPack1 -->
