<?xml version="1.0" encoding="UTF-8"?>
<!-- Generated by org.testng.reporters.JUnitXMLReporter -->
<testsuite hostname="DESKTOP-7HNKN0S" ignored="0" name="TestPack2" tests="3" failures="0" timestamp="12 Dec 2018 15:45:29 GMT" time="0.027" errors="0">
  <testcase name="Login2" time="0.002" classname="testngPack.TestNGExample2"/>
  <testcase name="AccountEnquiry2" time="0.005" classname="testngPack.TestNGExample2"/>
  <testcase name="testngmethod2" time="0.001" classname="testngPack.TestNGExample2"/>
</testsuite> <!-- TestPack2 -->
