<?xml version="1.0" encoding="UTF-8"?>
<!-- Generated by org.testng.reporters.JUnitXMLReporter -->
<testsuite hostname="DESKTOP-7HNKN0S" ignored="0" name="Default test" tests="7" failures="0" timestamp="12 Dec 2018 17:11:29 GMT" time="82.591" errors="0">
  <testcase name="CalorieCalcTestCaseMethod" time="7.01" classname="com.caloriecalc.testcases.CalorieCalcPageExcelTestCaseConfig"/>
  <testcase name="CalorieCalcTestCaseMethod" time="6.585" classname="com.caloriecalc.testcases.CalorieCalcPageExcelTestCaseConfig"/>
  <testcase name="CalorieCalcTestCaseMethod" time="6.284" classname="com.caloriecalc.testcases.CalorieCalcPageExcelTestCaseConfig"/>
  <testcase name="CalorieCalcTestCaseMethod" time="6.501" classname="com.caloriecalc.testcases.CalorieCalcPageExcelTestCaseConfig"/>
  <testcase name="CalorieCalcTestCaseMethod" time="7.296" classname="com.caloriecalc.testcases.CalorieCalcPageExcelTestCaseConfig"/>
  <testcase name="Login" time="0.015" classname="com.caloriecalc.testcases.CalorieCalcPageExcelTestCaseConfig"/>
  <testcase name="Login" time="0.001" classname="com.caloriecalc.testcases.CalorieCalcPageExcelTestCaseConfig"/>
</testsuite> <!-- Default test -->
