<?xml version="1.0" encoding="UTF-8"?>
<!-- Generated by org.testng.reporters.JUnitXMLReporter -->
<testsuite hostname="DESKTOP-7HNKN0S" ignored="0" name="Test" tests="6" failures="0" timestamp="12 Dec 2018 15:14:07 GMT" time="0.146" errors="0">
  <testcase name="Login" time="0.022" classname="testngPack.TestNGExample"/>
  <testcase name="Login2" time="0.003" classname="testngPack.TestNGExample2"/>
  <testcase name="AccountEnquiry" time="0.004" classname="testngPack.TestNGExample"/>
  <testcase name="AccountEnquiry2" time="0.004" classname="testngPack.TestNGExample2"/>
  <testcase name="testngmethod" time="0.006" classname="testngPack.TestNGExample"/>
  <testcase name="testngmethod2" time="0.001" classname="testngPack.TestNGExample2"/>
</testsuite> <!-- Test -->
